C:\Program Files (x86)\Microsoft Visual Studio\2019\Enterprise\MSBuild\Microsoft\VC\v160\Microsoft.CppBuild.targets(519,5): warning MSB8028: The intermediate directory (Release\) contains files shared from another project (IIKPQueueClient.vcxproj).  This can lead to incorrect clean and rebuild behavior.
  IIKPQueueService.cpp
C:\Users\Ugljesa\Desktop\Fakultet\4. Godina\IIKP\IIKP_Project\IIKP_Project\IIKP_QueueComunicatorSltn\IIKPQueueClient\Buffering.h(207,24): warning C4018: '>=': signed/unsigned mismatch
C:\Users\Ugljesa\Desktop\Fakultet\4. Godina\IIKP\IIKP_Project\IIKP_Project\IIKP_QueueComunicatorSltn\IIKPQueueClient\IIKPQueueService.cpp(278,32): warning C4477: 'printf' : format string '%s' requires an argument of type 'char *', but variadic argument 1 has type 'unsigned int'
C:\Users\Ugljesa\Desktop\Fakultet\4. Godina\IIKP\IIKP_Project\IIKP_Project\IIKP_QueueComunicatorSltn\IIKPQueueClient\IIKPQueueService.cpp(278,32): warning C4477: 'printf' : format string '%u' requires an argument of type 'unsigned int', but variadic argument 2 has type 'char *'
C:\Users\Ugljesa\Desktop\Fakultet\4. Godina\IIKP\IIKP_Project\IIKP_Project\IIKP_QueueComunicatorSltn\IIKPQueueClient\IIKPQueueService.cpp(278,32): warning C4473: 'printf' : not enough arguments passed for format string
C:\Users\Ugljesa\Desktop\Fakultet\4. Godina\IIKP\IIKP_Project\IIKP_Project\IIKP_QueueComunicatorSltn\IIKPQueueClient\IIKPQueueService.cpp(278,32): message : placeholders and their parameters expect 3 variadic arguments, but 2 were provided
C:\Users\Ugljesa\Desktop\Fakultet\4. Godina\IIKP\IIKP_Project\IIKP_Project\IIKP_QueueComunicatorSltn\IIKPQueueClient\IIKPQueueService.cpp(278,32): message : the missing variadic argument 3 is required by format string '%s'
C:\Users\Ugljesa\Desktop\Fakultet\4. Godina\IIKP\IIKP_Project\IIKP_Project\IIKP_QueueComunicatorSltn\IIKPQueueClient\IIKPQueueService.cpp(1466,81): warning C4474: 'sprintf' : too many arguments passed for format string
C:\Users\Ugljesa\Desktop\Fakultet\4. Godina\IIKP\IIKP_Project\IIKP_Project\IIKP_QueueComunicatorSltn\IIKPQueueClient\IIKPQueueService.cpp(1466,81): message : placeholders and their parameters expect 0 variadic arguments, but 1 were provided
C:\Users\Ugljesa\Desktop\Fakultet\4. Godina\IIKP\IIKP_Project\IIKP_Project\IIKP_QueueComunicatorSltn\IIKPQueueClient\IIKPQueueService.cpp(1200,46): warning C4101: 'GC_handle': unreferenced local variable
C:\Users\Ugljesa\Desktop\Fakultet\4. Godina\IIKP\IIKP_Project\IIKP_Project\IIKP_QueueComunicatorSltn\IIKPQueueClient\IIKPQueueService.cpp(1199,46): warning C4101: 'loader_handle': unreferenced local variable
C:\Users\Ugljesa\Desktop\Fakultet\4. Godina\IIKP\IIKP_Project\IIKP_Project\IIKP_QueueComunicatorSltn\IIKPQueueClient\IIKPQueueService.cpp(1198,46): warning C4101: 'client_req_handle': unreferenced local variable
  Generating code
  Previous IPDB and IOBJ mismatch, fall back to full compilation.
C:\Users\Ugljesa\Desktop\Fakultet\4. Godina\IIKP\IIKP_Project\IIKP_Project\IIKP_QueueComunicatorSltn\IIKPQueueClient\IIKPQueueService.cpp(660): warning C4715: 'ClientRegisterThr': not all control paths return a value
C:\Users\Ugljesa\Desktop\Fakultet\4. Godina\IIKP\IIKP_Project\IIKP_Project\IIKP_QueueComunicatorSltn\IIKPQueueClient\IIKPQueueService.cpp(217): warning C4715: 'ExposeServices': not all control paths return a value
C:\Users\Ugljesa\Desktop\Fakultet\4. Godina\IIKP\IIKP_Project\IIKP_Project\IIKP_QueueComunicatorSltn\IIKPQueueClient\IIKPQueueService.cpp(1549): warning C4715: 'ServiceCommunicationThr': not all control paths return a value
  All 85 functions were compiled because no usable IPDB/IOBJ from previous compilation was found.
  Finished generating code
  IIKPQueueClient.vcxproj -> C:\Users\Ugljesa\Desktop\Fakultet\4. Godina\IIKP\IIKP_Project\IIKP_Project\IIKP_QueueComunicatorSltn\Release\IIKPQueueService.exe
